<?xml version="1.0" encoding="UTF-8"?>
<testng-results ignored="0" total="1" passed="1" failed="0" skipped="0">
  <reporter-output>
    <line>
      <![CDATA[LogOut]]>
    </line>
  </reporter-output>
  <suite started-at="2022-12-03T21:39:44 CET" name="Default suite" finished-at="2022-12-03T21:39:53 CET" duration-ms="9226">
    <groups>
    </groups>
    <test started-at="2022-12-03T21:39:44 CET" name="Default test" finished-at="2022-12-03T21:39:53 CET" duration-ms="9226">
      <class name="testCase.LogOut">
        <test-method is-config="true" signature="setUp()[pri:0, instance:testCase.LogOut@1bd4fdd]" started-at="2022-12-03T21:39:44 CET" name="setUp" finished-at="2022-12-03T21:39:50 CET" duration-ms="5608" status="PASS">
          <reporter-output>
          </reporter-output>
        </test-method> <!-- setUp -->
        <test-method signature="LogoutTest()[pri:0, instance:testCase.LogOut@1bd4fdd]" started-at="2022-12-03T21:39:50 CET" name="LogoutTest" finished-at="2022-12-03T21:39:53 CET" duration-ms="3498" status="PASS">
          <reporter-output>
            <line>
              <![CDATA[LogOut]]>
            </line>
          </reporter-output>
        </test-method> <!-- LogoutTest -->
        <test-method is-config="true" signature="tearDown()[pri:0, instance:testCase.LogOut@1bd4fdd]" started-at="2022-12-03T21:39:53 CET" name="tearDown" finished-at="2022-12-03T21:39:53 CET" duration-ms="1" status="PASS">
          <reporter-output>
          </reporter-output>
        </test-method> <!-- tearDown -->
      </class> <!-- testCase.LogOut -->
    </test> <!-- Default test -->
  </suite> <!-- Default suite -->
</testng-results>
